2025-08-28 21:16:26,895 - INFO - Starting RLHF training run: runs/run_20250828_211626
2025-08-28 21:16:26,895 - INFO - Device: cpu, Seed: 42
2025-08-28 21:16:26,899 - INFO - Initializing models...
2025-08-28 21:16:35,377 - INFO - Models initialized successfully
2025-08-28 21:16:35,378 - INFO - Created 10 sample prompts
2025-08-28 21:16:35,378 - INFO - Starting training loop...
2025-08-28 21:16:35,378 - INFO - Starting epoch 1/2
2025-08-28 21:16:36,871 - INFO - Saved checkpoint: runs/run_20250828_211626/checkpoints/checkpoint_step_5.pt
2025-08-28 21:16:36,878 - INFO - Epoch 1 complete:
2025-08-28 21:16:36,879 - INFO -   Avg Reward: 0.0000
2025-08-28 21:16:36,880 - INFO -   Avg KL: -0.0000
2025-08-28 21:16:36,880 - INFO -   Avg Loss: -0.0000
2025-08-28 21:16:36,880 - INFO - Starting epoch 2/2
2025-08-28 21:16:38,314 - INFO - Saved checkpoint: runs/run_20250828_211626/checkpoints/checkpoint_step_10.pt
2025-08-28 21:16:38,323 - INFO - Epoch 2 complete:
2025-08-28 21:16:38,325 - INFO -   Avg Reward: 0.0000
2025-08-28 21:16:38,326 - INFO -   Avg KL: -0.0000
2025-08-28 21:16:38,327 - INFO -   Avg Loss: -0.0000
2025-08-28 21:16:38,334 - INFO - Saved final checkpoint: runs/run_20250828_211626/checkpoints/final_checkpoint.pt
2025-08-28 21:16:38,334 - INFO - Training completed in 2.96 seconds
2025-08-28 21:16:38,334 - INFO - Total steps: 12
2025-08-28 21:16:38,334 - INFO - Output directory: runs/run_20250828_211626
